2025-06-14 08:34:52,723 - INFO - ====================================================================================================
2025-06-14 08:34:52,723 - INFO - BÁO CÁO TRAINING HỆ THỐNG ĐỀ XUẤT PHIM
2025-06-14 08:34:52,724 - INFO - Thời gian tạo báo cáo: 2025-06-14 08:34:52
2025-06-14 08:34:52,724 - INFO - ====================================================================================================
2025-06-14 08:34:52,724 - INFO - ================================================================================
2025-06-14 08:34:52,724 - INFO - CHƯƠNG 3.1: TRÍCH CHỌN ĐẶC TRƯNG
2025-06-14 08:34:52,724 - INFO - ================================================================================
2025-06-14 08:34:52,725 - INFO - 3.1.1. LOẠI DỮ LIỆU VÀ KỸ THUẬT TRÍCH CHỌN:
2025-06-14 08:34:52,725 - INFO - - Dữ liệu đầu vào: Dạng văn bản (text data)
2025-06-14 08:34:52,725 - INFO - - Các trường dữ liệu sử dụng:
2025-06-14 08:34:52,725 - INFO -   + movie_title: trọng số 0.8
2025-06-14 08:34:52,725 - INFO -   + genres: trọng số 1.0
2025-06-14 08:34:52,725 - INFO -   + overview: trọng số 0.9
2025-06-14 08:34:52,725 - INFO -   + comb: trọng số 0.6
2025-06-14 08:34:52,725 - INFO - 
3.1.2. KỸ THUẬT TIỀN XỬ LÝ VĂN BẢN:
2025-06-14 08:34:52,725 - INFO - - Unicode normalization (NFKC)
2025-06-14 08:34:52,726 - INFO - - Lowercase conversion
2025-06-14 08:34:52,726 - INFO - - Whitespace normalization
2025-06-14 08:34:52,726 - INFO - - Weighted text concatenation
2025-06-14 08:34:52,726 - INFO - 
3.1.3. KỸ THUẬT MÃ HÓA DỮ LIỆU PHI CẤU TRÚC:
2025-06-14 08:34:52,726 - INFO - - Sentence Transformers (Transformer-based embeddings)
2025-06-14 08:34:52,726 - INFO - - Model: paraphrase-MiniLM-L3-v2
2025-06-14 08:34:52,726 - INFO - - Kỹ thuật: Dense vector representation
2025-06-14 08:34:52,726 - INFO - - Đầu ra: Vector embedding 384 chiều
2025-06-14 08:34:52,727 - INFO - ================================================================================
2025-06-14 08:34:52,727 - INFO - CHƯƠNG 3.2: LỰA CHỌN THUẬT TOÁN/MÔ HÌNH
2025-06-14 08:34:52,727 - INFO - ================================================================================
2025-06-14 08:34:52,727 - INFO - 3.2.1. PHÂN CHIA DỮ LIỆU:
2025-06-14 08:34:52,727 - INFO - - Phương pháp: K-Fold Cross Validation (K=3)
2025-06-14 08:34:52,727 - INFO - - Test size: 20.0%
2025-06-14 08:34:52,727 - INFO - - Random state: 42 (để tái tạo kết quả)
2025-06-14 08:34:52,728 - INFO - 
3.2.2. XỬ LÝ DỮ LIỆU IMBALANCED:
2025-06-14 08:34:52,728 - INFO - - Kỹ thuật: Weighted sampling trong DataLoader
2025-06-14 08:34:52,728 - INFO - - Loss function: MultipleNegativesRankingLoss
2025-06-14 08:34:52,728 - INFO - - Tạo positive/negative pairs tự động
2025-06-14 08:34:52,728 - INFO - 
3.2.3. THUẬT TOÁN ÁP DỤNG:
2025-06-14 08:34:52,728 - INFO - - Mô hình chính: Sentence Transformers
2025-06-14 08:34:52,728 - INFO - - Architecture: MiniLM (Mini Language Model)
2025-06-14 08:34:52,728 - INFO - - Pre-trained: Đã học trên paraphrase tasks
2025-06-14 08:34:52,728 - INFO - - Fine-tuning: Có (với domain-specific data)
2025-06-14 08:34:52,728 - INFO - ================================================================================
2025-06-14 08:34:52,728 - INFO - CHƯƠNG 3.3: CẤU HÌNH HUẤN LUYỆN MÔ HÌNH
2025-06-14 08:34:52,729 - INFO - ================================================================================
2025-06-14 08:34:52,729 - INFO - 3.3.1. CẤU HÌNH PHẦN CỨNG:
2025-06-14 08:34:52,729 - INFO - - Device: CPU
2025-06-14 08:34:52,729 - INFO - - PyTorch version: 2.6.0+cpu
2025-06-14 08:34:52,729 - INFO - 
3.3.2. HYPERPARAMETER RANGES:
2025-06-14 08:34:52,729 - INFO - - batch_size: [32, 64]
2025-06-14 08:34:52,729 - INFO - - learning_rate: [0.0001, 0.001]
2025-06-14 08:34:52,729 - INFO - - epochs: [1, 3]
2025-06-14 08:34:52,729 - INFO - - warmup_steps: [50, 200]
2025-06-14 08:34:52,729 - INFO - 
3.3.3. OPTIMIZATION STRATEGY:
2025-06-14 08:34:52,729 - INFO - - Phương pháp: Bayesian Optimization (Optuna)
2025-06-14 08:34:52,730 - INFO - - Số lần thử: 10
2025-06-14 08:34:52,730 - INFO - - Objective: Maximize Mean Reciprocal Rank (MRR)
2025-06-14 08:34:52,730 - INFO - ================================================================================
2025-06-14 08:34:52,730 - INFO - CHƯƠNG 4.1: ĐỘ ĐO ĐÁNH GIÁ
2025-06-14 08:34:52,730 - INFO - ================================================================================
2025-06-14 08:34:52,730 - INFO - 4.1.1. CÁC ĐỘ ĐO CƠ BẢN:
2025-06-14 08:34:52,730 - INFO - - Cosine Similarity: cos(u,v) = (u·v)/(||u||·||v||)
2025-06-14 08:34:52,730 - INFO - - Average Similarity: Trung bình similarity giữa các cặp phim
2025-06-14 08:34:52,730 - INFO - - Min/Max Similarity: Giá trị similarity nhỏ nhất/lớn nhất
2025-06-14 08:34:52,730 - INFO - 
4.1.2. CÁC ĐỘ ĐO NÂNG CAO:
2025-06-14 08:34:52,731 - INFO - - Mean Reciprocal Rank (MRR): MRR = (1/|Q|) * Σ(1/rank_i)
2025-06-14 08:34:52,731 - INFO - - NDCG@k: Normalized Discounted Cumulative Gain
2025-06-14 08:34:52,731 - INFO -   + DCG@k = Σ(rel_i / log2(i+1))
2025-06-14 08:34:52,731 - INFO -   + NDCG@k = DCG@k / IDCG@k
2025-06-14 08:34:52,731 - INFO - - Silhouette Score: Đánh giá chất lượng clustering
2025-06-14 08:34:52,731 - INFO -   + s(i) = (b(i) - a(i)) / max(a(i), b(i))
2025-06-14 08:34:52,731 - INFO - ================================================================================
2025-06-14 08:34:52,731 - INFO - CHƯƠNG 4.2: KẾT QUẢ ĐÁNH GIÁ (MẪU)
2025-06-14 08:34:52,731 - INFO - ================================================================================
2025-06-14 08:34:52,732 - INFO - 4.2.1. THÔNG TIN MÔ HÌNH:
2025-06-14 08:34:52,732 - INFO - - Model được chọn: paraphrase-MiniLM-L3-v2
2025-06-14 08:34:52,732 - INFO - - Số lượng phim: 5000+ (ví dụ)
2025-06-14 08:34:52,732 - INFO - - Kích thước embedding: 384
2025-06-14 08:34:52,732 - INFO - - Thời gian training: 1200 giây (ví dụ)
2025-06-14 08:34:52,732 - INFO - 
4.2.2. KẾT QUẢ CROSS-VALIDATION (MẪU):
2025-06-14 08:34:52,732 - INFO - 
| Metric | Mean | Std |
2025-06-14 08:34:52,732 - INFO - |--------|------|-----|
2025-06-14 08:34:52,732 - INFO - | mrr | 0.7250 | 0.0150 |
2025-06-14 08:34:52,732 - INFO - | ndcg@5 | 0.8100 | 0.0200 |
2025-06-14 08:34:52,732 - INFO - | ndcg@10 | 0.8350 | 0.0180 |
2025-06-14 08:34:52,733 - INFO - | silhouette_score | 0.6200 | 0.0300 |
2025-06-14 08:34:52,733 - INFO - | average_similarity | 0.4500 | 0.0100 |
2025-06-14 08:34:52,733 - INFO - 
4.2.3. PHÂN TÍCH KẾT QUẢ:
2025-06-14 08:34:52,733 - INFO - - MRR > 0.7: Chất lượng ranking tốt
2025-06-14 08:34:52,733 - INFO - - NDCG@10 > 0.8: Khả năng đề xuất xuất sắc
2025-06-14 08:34:52,733 - INFO - - Silhouette > 0.5: Embedding space có cấu trúc tốt
2025-06-14 08:34:52,733 - INFO - 
4.2.4. SO SÁNH VỚI BASELINE:
2025-06-14 08:34:52,733 - INFO - | Model | MRR | NDCG@10 | Silhouette |
2025-06-14 08:34:52,733 - INFO - |-------|-----|---------|------------|
2025-06-14 08:34:52,733 - INFO - | Random | 0.1000 | 0.2000 | 0.0500 |
2025-06-14 08:34:52,734 - INFO - | TF-IDF | 0.4500 | 0.6000 | 0.3500 |
2025-06-14 08:34:52,734 - INFO - | Word2Vec | 0.6000 | 0.7200 | 0.4800 |
2025-06-14 08:34:52,734 - INFO - | SentenceTransformer | 0.7250 | 0.8350 | 0.6200 |
2025-06-14 08:34:52,735 - INFO - ====================================================================================================
2025-06-14 08:34:52,735 - INFO - HOÀN THÀNH TẠO LOG MẪU CHO BÁO CÁO
2025-06-14 08:34:52,735 - INFO - ====================================================================================================
2025-06-14 08:34:52,735 - INFO - Log file: ../logs/training_report_20250614_083452.log
2025-06-14 08:34:52,735 - INFO - Report JSON: ../logs/training_report_20250614_083452.json
2025-06-14 08:34:52,735 - INFO - File này KHÔNG TRAIN THẬT - chỉ tạo log structure cho báo cáo
2025-06-14 08:34:52,735 - INFO - ====================================================================================================
